From https://github.com/Casey-math/mathesis
 * branch            main       -> FETCH_HEAD
Already up to date.
[main 2f24f85] Mise à jour rapide du site
 7 files changed, 125 insertions(+), 50 deletions(-)
 create mode 100644 log_update_site.log
To https://github.com/Casey-math/mathesis.git
   96a0103..2f24f85  main -> main
From https://github.com/Casey-math/mathesis
 * branch            main       -> FETCH_HEAD
Already up to date.
[main 4919a24] Mise à jour rapide du site
 11 files changed, 469 insertions(+), 199 deletions(-)
 create mode 100644 L3/Proba/proba.toc
 create mode 100644 test.html
To https://github.com/Casey-math/mathesis.git
   20105fd..4919a24  main -> main
From https://github.com/Casey-math/mathesis
 * branch            main       -> FETCH_HEAD
Already up to date.
[main 083a554] Mise à jour rapide du site
 1 file changed, 9 insertions(+)
To https://github.com/Casey-math/mathesis.git
   4919a24..083a554  main -> main
From https://github.com/Casey-math/mathesis
 * branch            main       -> FETCH_HEAD
Already up to date.
[main 40d39b7] Mise à jour rapide du site
 1 file changed, 7 insertions(+)
To https://github.com/Casey-math/mathesis.git
   083a554..40d39b7  main -> main
From https://github.com/Casey-math/mathesis
 * branch            main       -> FETCH_HEAD
Already up to date.
[main c9ff450] Mise à jour rapide du site
 1 file changed, 7 insertions(+)
To https://github.com/Casey-math/mathesis.git
   40d39b7..c9ff450  main -> main
From https://github.com/Casey-math/mathesis
 * branch            main       -> FETCH_HEAD
Already up to date.
[main 561e9e4] Mise à jour rapide du site
 1 file changed, 7 insertions(+)
To https://github.com/Casey-math/mathesis.git
   c9ff450..561e9e4  main -> main
From https://github.com/Casey-math/mathesis
 * branch            main       -> FETCH_HEAD
Already up to date.
[main 5b926b8] Mise à jour rapide du site
 30 files changed, 6309 insertions(+), 429 deletions(-)
 create mode 100644 L3/Proba/exercices.aux
 create mode 100644 L3/Proba/exercices.dvi
 create mode 100644 L3/Proba/exercices.fdb_latexmk
 create mode 100644 L3/Proba/exercices.fls
 create mode 100644 L3/Proba/exercices.log
 create mode 100644 L3/Proba/exercices.out
 create mode 100644 L3/Proba/exercices.pdf
 create mode 100644 L3/Proba/exercices.tex
 create mode 100644 divers/terrarium/terra.aux
 create mode 100644 divers/terrarium/terra.fdb_latexmk
 create mode 100644 divers/terrarium/terra.fls
 create mode 100644 divers/terrarium/terra.log
 create mode 100644 divers/terrarium/terra.pdf
 create mode 100644 divers/terrarium/terra.tex
 create mode 100644 divers/terrarium/terra_minimal.aux
 create mode 100644 divers/terrarium/terra_minimal.fdb_latexmk
 create mode 100644 divers/terrarium/terra_minimal.fls
 create mode 100644 divers/terrarium/terra_minimal.log
 create mode 100644 divers/terrarium/terra_minimal.pdf
 create mode 100644 divers/terrarium/terra_minimal.tex
 create mode 100644 images/perma.png
 create mode 100644 images/syntropie.png
 create mode 100644 images/terra.png
 delete mode 100644 index (copy).html
 delete mode 100644 index_prime.html
 create mode 100644 preambule.tex
 delete mode 100644 test.html
To https://github.com/Casey-math/mathesis.git
   561e9e4..5b926b8  main -> main
fatal: unable to access 'https://github.com/Casey-math/mathesis.git/': Could not resolve host: github.com
[main 30ce4ce] Mise à jour rapide du site
 1 file changed, 32 insertions(+)
fatal: unable to access 'https://github.com/Casey-math/mathesis.git/': Could not resolve host: github.com
From https://github.com/Casey-math/mathesis
 * branch            main       -> FETCH_HEAD
Already up to date.
[main ebe3174] Mise à jour rapide du site
 1 file changed, 6 insertions(+)
To https://github.com/Casey-math/mathesis.git
   5b926b8..ebe3174  main -> main
From https://github.com/Casey-math/mathesis
 * branch            main       -> FETCH_HEAD
Already up to date.
[main 3b146a1] Mise à jour rapide du site
 1 file changed, 3 insertions(+)
To https://github.com/Casey-math/mathesis.git
   0954879..3b146a1  main -> main
From https://github.com/Casey-math/mathesis
 * branch            main       -> FETCH_HEAD
Already up to date.
[main 1bd61eb] Mise à jour rapide du site
 4 files changed, 69 insertions(+)
 create mode 100644 L3/Proba/proba.html
To https://github.com/Casey-math/mathesis.git
   3b146a1..1bd61eb  main -> main
From https://github.com/Casey-math/mathesis
 * branch            main       -> FETCH_HEAD
Already up to date.
[main 162b1ad] Mise à jour rapide du site
 3 files changed, 4 insertions(+), 1 deletion(-)
 rename images/{proba1.png => proba.png} (100%)
To https://github.com/Casey-math/mathesis.git
   7ae48a7..162b1ad  main -> main
From https://github.com/Casey-math/mathesis
 * branch            main       -> FETCH_HEAD
Already up to date.
[main b73e5ef] Mise à jour rapide du site
 1 file changed, 8 insertions(+)
To https://github.com/Casey-math/mathesis.git
   162b1ad..b73e5ef  main -> main
From https://github.com/Casey-math/mathesis
 * branch            main       -> FETCH_HEAD
Already up to date.
[main c6d16a5] Mise à jour rapide du site
 1 file changed, 7 insertions(+)
To https://github.com/Casey-math/mathesis.git
   b73e5ef..c6d16a5  main -> main
From https://github.com/Casey-math/mathesis
 * branch            main       -> FETCH_HEAD
Already up to date.
[main 60b2d21] Mise à jour rapide du site
 8 files changed, 197 insertions(+), 153 deletions(-)
To https://github.com/Casey-math/mathesis.git
   c6d16a5..60b2d21  main -> main
fatal: unable to access 'https://github.com/Casey-math/mathesis.git/': Could not resolve host: github.com
[main 599fc6b] Mise à jour rapide du site
 6 files changed, 43 insertions(+), 41 deletions(-)
fatal: unable to access 'https://github.com/Casey-math/mathesis.git/': Could not resolve host: github.com
From https://github.com/Casey-math/mathesis
 * branch            main       -> FETCH_HEAD
Already up to date.
[main 977220b] Mise à jour rapide du site
 2 files changed, 4 insertions(+), 1 deletion(-)
To https://github.com/Casey-math/mathesis.git
   19bd210..977220b  main -> main
fatal: unable to access 'https://github.com/Casey-math/mathesis.git/': Could not resolve host: github.com
[main dd21907] Mise à jour rapide du site
 1 file changed, 5 insertions(+)
fatal: unable to access 'https://github.com/Casey-math/mathesis.git/': Could not resolve host: github.com
From https://github.com/Casey-math/mathesis
 * branch            main       -> FETCH_HEAD
Already up to date.
[main 5899cf0] Mise à jour rapide du site
 1 file changed, 3 insertions(+)
To https://github.com/Casey-math/mathesis.git
   1f4aab2..5899cf0  main -> main
From https://github.com/Casey-math/mathesis
 * branch            main       -> FETCH_HEAD
Already up to date.
[main cd68921] Mise à jour rapide du site
 1 file changed, 7 insertions(+)
To https://github.com/Casey-math/mathesis.git
   5899cf0..cd68921  main -> main
From https://github.com/Casey-math/mathesis
 * branch            main       -> FETCH_HEAD
Already up to date.
[main 3b95e44] Mise à jour rapide du site
 1 file changed, 7 insertions(+)
To https://github.com/Casey-math/mathesis.git
   cd68921..3b95e44  main -> main
From https://github.com/Casey-math/mathesis
 * branch            main       -> FETCH_HEAD
Already up to date.
[main fa695d0] Mise à jour rapide du site
 1 file changed, 7 insertions(+)
To https://github.com/Casey-math/mathesis.git
   3b95e44..fa695d0  main -> main
From https://github.com/Casey-math/mathesis
 * branch            main       -> FETCH_HEAD
Already up to date.
[main c99212d] Mise à jour rapide du site
 1 file changed, 7 insertions(+)
To https://github.com/Casey-math/mathesis.git
   fa695d0..c99212d  main -> main
From https://github.com/Casey-math/mathesis
 * branch            main       -> FETCH_HEAD
Already up to date.
[main c1a93b5] Mise à jour rapide du site
 1 file changed, 7 insertions(+)
To https://github.com/Casey-math/mathesis.git
   c99212d..c1a93b5  main -> main
From https://github.com/Casey-math/mathesis
 * branch            main       -> FETCH_HEAD
Already up to date.
[main 27b77cb] Mise à jour rapide du site
 1 file changed, 7 insertions(+)
To https://github.com/Casey-math/mathesis.git
   c1a93b5..27b77cb  main -> main
From https://github.com/Casey-math/mathesis
 * branch            main       -> FETCH_HEAD
Already up to date.
[main 30eab72] Mise à jour rapide du site
 1 file changed, 7 insertions(+)
To https://github.com/Casey-math/mathesis.git
   27b77cb..30eab72  main -> main
From https://github.com/Casey-math/mathesis
 * branch            main       -> FETCH_HEAD
Already up to date.
[main 08e1cec] Mise à jour rapide du site
 1 file changed, 7 insertions(+)
To https://github.com/Casey-math/mathesis.git
   30eab72..08e1cec  main -> main
From https://github.com/Casey-math/mathesis
 * branch            main       -> FETCH_HEAD
Already up to date.
[main eb0a024] Mise à jour rapide du site
 1 file changed, 7 insertions(+)
To https://github.com/Casey-math/mathesis.git
   08e1cec..eb0a024  main -> main
From https://github.com/Casey-math/mathesis
 * branch            main       -> FETCH_HEAD
Already up to date.
[main 22776dd] Mise à jour rapide du site
 1 file changed, 7 insertions(+)
To https://github.com/Casey-math/mathesis.git
   eb0a024..22776dd  main -> main
From https://github.com/Casey-math/mathesis
 * branch            main       -> FETCH_HEAD
Already up to date.
[main a97e60a] Mise à jour rapide du site
 1 file changed, 7 insertions(+)
To https://github.com/Casey-math/mathesis.git
   22776dd..a97e60a  main -> main
From https://github.com/Casey-math/mathesis
 * branch            main       -> FETCH_HEAD
Already up to date.
[main 65c6d71] Mise à jour rapide du site
 1 file changed, 7 insertions(+)
To https://github.com/Casey-math/mathesis.git
   a97e60a..65c6d71  main -> main
fatal: unable to access 'https://github.com/Casey-math/mathesis.git/': Could not resolve host: github.com
[main aacab7e] Mise à jour rapide du site
 1 file changed, 5 insertions(+)
fatal: unable to access 'https://github.com/Casey-math/mathesis.git/': Could not resolve host: github.com
From https://github.com/Casey-math/mathesis
 * branch            main       -> FETCH_HEAD
Already up to date.
